# JRE version: OpenJDK Runtime Environment (8.0_171-b11) (build 1.8.0_171-8u171-b11-2~14.04-b11)
# Java VM: OpenJDK 64-Bit Server VM (25.171-b11 mixed mode linux-amd64 compressed oops)
Heap:
 PSYoungGen      total 44544K, used 38803K [0x000000076cb80000, 0x0000000774300000, 0x00000007c0000000)
  eden space 43008K, 89% used [0x000000076cb80000,0x000000076f130ec0,0x000000076f580000)
  from space 1536K, 13% used [0x0000000774000000,0x0000000774033f38,0x0000000774180000)
  to   space 1536K, 0% used [0x0000000774180000,0x0000000774180000,0x0000000774300000)
 ParOldGen       total 158208K, used 127270K [0x00000006c6200000, 0x00000006cfc80000, 0x000000076cb80000)
  object space 158208K, 80% used [0x00000006c6200000,0x00000006cde49a20,0x00000006cfc80000)
 Metaspace       used 13015K, capacity 13208K, committed 13440K, reserved 1060864K
  class space    used 1511K, capacity 1593K, committed 1664K, reserved 1048576K
GC Heap History (10 events):
Event: 2240,522 GC heap before
{Heap before GC invocations=6881 (full 8):
 PSYoungGen      total 47616K, used 47359K [0x000000076cb80000, 0x0000000774500000, 0x00000007c0000000)
  eden space 47104K, 99% used [0x000000076cb80000,0x000000076f97f810,0x000000076f980000)
  from space 512K, 50% used [0x0000000774480000,0x00000007744c07e0,0x0000000774500000)
  to   space 1536K, 0% used [0x0000000774200000,0x0000000774200000,0x0000000774380000)
 ParOldGen       total 158208K, used 127225K [0x00000006c6200000, 0x00000006cfc80000, 0x000000076cb80000)
  object space 158208K, 80% used [0x00000006c6200000,0x00000006cde3e780,0x00000006cfc80000)
 Metaspace       used 13015K, capacity 13208K, committed 13440K, reserved 1060864K
  class space    used 1511K, capacity 1593K, committed 1664K, reserved 1048576K
Event: 2240,525 GC heap after
Heap after GC invocations=6881 (full 8):
 PSYoungGen      total 47616K, used 274K [0x000000076cb80000, 0x0000000774500000, 0x00000007c0000000)
  eden space 46080K, 0% used [0x000000076cb80000,0x000000076cb80000,0x000000076f880000)
  from space 1536K, 17% used [0x0000000774200000,0x0000000774244ac0,0x0000000774380000)
  to   space 1536K, 0% used [0x0000000774380000,0x0000000774380000,0x0000000774500000)
 ParOldGen       total 158208K, used 127225K [0x00000006c6200000, 0x00000006cfc80000, 0x000000076cb80000)
  object space 158208K, 80% used [0x00000006c6200000,0x00000006cde3e780,0x00000006cfc80000)
 Metaspace       used 13015K, capacity 13208K, committed 13440K, reserved 1060864K
  class space    used 1511K, capacity 1593K, committed 1664K, reserved 1048576K
}
Event: 2240,761 GC heap before
{Heap before GC invocations=6882 (full 8):
 PSYoungGen      total 47616K, used 46298K [0x000000076cb80000, 0x0000000774500000, 0x00000007c0000000)
  eden space 46080K, 99% used [0x000000076cb80000,0x000000076f871f28,0x000000076f880000)
  from space 1536K, 17% used [0x0000000774200000,0x0000000774244ac0,0x0000000774380000)
  to   space 1536K, 0% used [0x0000000774380000,0x0000000774380000,0x0000000774500000)
 ParOldGen       total 158208K, used 127225K [0x00000006c6200000, 0x00000006cfc80000, 0x000000076cb80000)
  object space 158208K, 80% used [0x00000006c6200000,0x00000006cde3e780,0x00000006cfc80000)
 Metaspace       used 13015K, capacity 13208K, committed 13440K, reserved 1060864K
  class space    used 1511K, capacity 1593K, committed 1664K, reserved 1048576K
Event: 2240,762 GC heap after
Heap after GC invocations=6882 (full 8):
 PSYoungGen      total 46080K, used 607K [0x000000076cb80000, 0x0000000774480000, 0x00000007c0000000)
  eden space 45056K, 0% used [0x000000076cb80000,0x000000076cb80000,0x000000076f780000)
  from space 1024K, 59% used [0x0000000774380000,0x0000000774417cd8,0x0000000774480000)
  to   space 1536K, 0% used [0x0000000774180000,0x0000000774180000,0x0000000774300000)
 ParOldGen       total 158208K, used 127233K [0x00000006c6200000, 0x00000006cfc80000, 0x000000076cb80000)
  object space 158208K, 80% used [0x00000006c6200000,0x00000006cde40780,0x00000006cfc80000)
 Metaspace       used 13015K, capacity 13208K, committed 13440K, reserved 1060864K
  class space    used 1511K, capacity 1593K, committed 1664K, reserved 1048576K
}
Event: 2241,073 GC heap before
{Heap before GC invocations=6883 (full 8):
 PSYoungGen      total 46080K, used 45663K [0x000000076cb80000, 0x0000000774480000, 0x00000007c0000000)
  eden space 45056K, 100% used [0x000000076cb80000,0x000000076f780000,0x000000076f780000)
  from space 1024K, 59% used [0x0000000774380000,0x0000000774417cd8,0x0000000774480000)
  to   space 1536K, 0% used [0x0000000774180000,0x0000000774180000,0x0000000774300000)
 ParOldGen       total 158208K, used 127233K [0x00000006c6200000, 0x00000006cfc80000, 0x000000076cb80000)
  object space 158208K, 80% used [0x00000006c6200000,0x00000006cde40780,0x00000006cfc80000)
 Metaspace       used 13015K, capacity 13208K, committed 13440K, reserved 1060864K
  class space    used 1511K, capacity 1593K, committed 1664K, reserved 1048576K
Event: 2241,074 GC heap after
Heap after GC invocations=6883 (full 8):
 PSYoungGen      total 44544K, used 128K [0x000000076cb80000, 0x0000000774400000, 0x00000007c0000000)
  eden space 44032K, 0% used [0x000000076cb80000,0x000000076cb80000,0x000000076f680000)
  from space 512K, 25% used [0x0000000774180000,0x00000007741a0000,0x0000000774200000)
  to   space 1536K, 0% used [0x0000000774280000,0x0000000774280000,0x0000000774400000)
 ParOldGen       total 158208K, used 127233K [0x00000006c6200000, 0x00000006cfc80000, 0x000000076cb80000)
  object space 158208K, 80% used [0x00000006c6200000,0x00000006cde40780,0x00000006cfc80000)
 Metaspace       used 13015K, capacity 13208K, committed 13440K, reserved 1060864K
  class space    used 1511K, capacity 1593K, committed 1664K, reserved 1048576K
}
Event: 2241,556 GC heap before
{Heap before GC invocations=6884 (full 8):
 PSYoungGen      total 44544K, used 44160K [0x000000076cb80000, 0x0000000774400000, 0x00000007c0000000)
  eden space 44032K, 100% used [0x000000076cb80000,0x000000076f680000,0x000000076f680000)
  from space 512K, 25% used [0x0000000774180000,0x00000007741a0000,0x0000000774200000)
  to   space 1536K, 0% used [0x0000000774280000,0x0000000774280000,0x0000000774400000)
 ParOldGen       total 158208K, used 127233K [0x00000006c6200000, 0x00000006cfc80000, 0x000000076cb80000)
  object space 158208K, 80% used [0x00000006c6200000,0x00000006cde40780,0x00000006cfc80000)
 Metaspace       used 13015K, capacity 13208K, committed 13440K, reserved 1060864K
  class space    used 1511K, capacity 1593K, committed 1664K, reserved 1048576K
Event: 2241,559 GC heap after
Heap after GC invocations=6884 (full 8):
 PSYoungGen      total 44032K, used 102K [0x000000076cb80000, 0x0000000774300000, 0x00000007c0000000)
  eden space 43520K, 0% used [0x000000076cb80000,0x000000076cb80000,0x000000076f600000)
  from space 512K, 20% used [0x0000000774280000,0x0000000774299bc8,0x0000000774300000)
  to   space 1536K, 0% used [0x0000000774000000,0x0000000774000000,0x0000000774180000)
 ParOldGen       total 158208K, used 127270K [0x00000006c6200000, 0x00000006cfc80000, 0x000000076cb80000)
  object space 158208K, 80% used [0x00000006c6200000,0x00000006cde49a20,0x00000006cfc80000)
 Metaspace       used 13015K, capacity 13208K, committed 13440K, reserved 1060864K
  class space    used 1511K, capacity 1593K, committed 1664K, reserved 1048576K
}
Event: 2241,927 GC heap before
{Heap before GC invocations=6885 (full 8):
 PSYoungGen      total 44032K, used 43622K [0x000000076cb80000, 0x0000000774300000, 0x00000007c0000000)
  eden space 43520K, 100% used [0x000000076cb80000,0x000000076f600000,0x000000076f600000)
  from space 512K, 20% used [0x0000000774280000,0x0000000774299bc8,0x0000000774300000)
  to   space 1536K, 0% used [0x0000000774000000,0x0000000774000000,0x0000000774180000)
 ParOldGen       total 158208K, used 127270K [0x00000006c6200000, 0x00000006cfc80000, 0x000000076cb80000)
  object space 158208K, 80% used [0x00000006c6200000,0x00000006cde49a20,0x00000006cfc80000)
 Metaspace       used 13015K, capacity 13208K, committed 13440K, reserved 1060864K
  class space    used 1511K, capacity 1593K, committed 1664K, reserved 1048576K
Event: 2241,929 GC heap after
Heap after GC invocations=6885 (full 8):
 PSYoungGen      total 44544K, used 207K [0x000000076cb80000, 0x0000000774300000, 0x00000007c0000000)
  eden space 43008K, 0% used [0x000000076cb80000,0x000000076cb80000,0x000000076f580000)
  from space 1536K, 13% used [0x0000000774000000,0x0000000774033f38,0x0000000774180000)
  to   space 1536K, 0% used [0x0000000774180000,0x0000000774180000,0x0000000774300000)
 ParOldGen       total 158208K, used 127270K [0x00000006c6200000, 0x00000006cfc80000, 0x000000076cb80000)
  object space 158208K, 80% used [0x00000006c6200000,0x00000006cde49a20,0x00000006cfc80000)
 Metaspace       used 13015K, capacity 13208K, committed 13440K, reserved 1060864K
  class space    used 1511K, capacity 1593K, committed 1664K, reserved 1048576K
}

