# JRE version: OpenJDK Runtime Environment (8.0_171-b11) (build 1.8.0_171-8u171-b11-2~14.04-b11)
# Java VM: OpenJDK 64-Bit Server VM (25.171-b11 mixed mode linux-amd64 compressed oops)
Heap:
 PSYoungGen      total 32768K, used 31644K [0x000000076cb80000, 0x000000076f400000, 0x00000007c0000000)
  eden space 32256K, 97% used [0x000000076cb80000,0x000000076ea373b8,0x000000076eb00000)
  from space 512K, 37% used [0x000000076f380000,0x000000076f3afd20,0x000000076f400000)
  to   space 1024K, 0% used [0x000000076f200000,0x000000076f200000,0x000000076f300000)
 ParOldGen       total 171008K, used 42335K [0x00000006c6200000, 0x00000006d0900000, 0x000000076cb80000)
  object space 171008K, 24% used [0x00000006c6200000,0x00000006c8b57cb0,0x00000006d0900000)
 Metaspace       used 12810K, capacity 13002K, committed 13184K, reserved 1060864K
  class space    used 1508K, capacity 1592K, committed 1664K, reserved 1048576K
GC Heap History (10 events):
Event: 122,159 GC heap before
{Heap before GC invocations=314 (full 0):
 PSYoungGen      total 36352K, used 34928K [0x000000076cb80000, 0x000000076f700000, 0x00000007c0000000)
  eden space 34816K, 99% used [0x000000076cb80000,0x000000076ed77148,0x000000076ed80000)
  from space 1536K, 9% used [0x000000076f400000,0x000000076f4250a8,0x000000076f580000)
  to   space 1536K, 0% used [0x000000076f580000,0x000000076f580000,0x000000076f700000)
 ParOldGen       total 171008K, used 42335K [0x00000006c6200000, 0x00000006d0900000, 0x000000076cb80000)
  object space 171008K, 24% used [0x00000006c6200000,0x00000006c8b57cb0,0x00000006d0900000)
 Metaspace       used 12810K, capacity 13002K, committed 13184K, reserved 1060864K
  class space    used 1508K, capacity 1592K, committed 1664K, reserved 1048576K
Event: 122,163 GC heap after
Heap after GC invocations=314 (full 0):
 PSYoungGen      total 35328K, used 825K [0x000000076cb80000, 0x000000076f680000, 0x00000007c0000000)
  eden space 34304K, 0% used [0x000000076cb80000,0x000000076cb80000,0x000000076ed00000)
  from space 1024K, 80% used [0x000000076f580000,0x000000076f64e630,0x000000076f680000)
  to   space 1536K, 0% used [0x000000076f380000,0x000000076f380000,0x000000076f500000)
 ParOldGen       total 171008K, used 42335K [0x00000006c6200000, 0x00000006d0900000, 0x000000076cb80000)
  object space 171008K, 24% used [0x00000006c6200000,0x00000006c8b57cb0,0x00000006d0900000)
 Metaspace       used 12810K, capacity 13002K, committed 13184K, reserved 1060864K
  class space    used 1508K, capacity 1592K, committed 1664K, reserved 1048576K
}
Event: 122,464 GC heap before
{Heap before GC invocations=315 (full 0):
 PSYoungGen      total 35328K, used 35129K [0x000000076cb80000, 0x000000076f680000, 0x00000007c0000000)
  eden space 34304K, 100% used [0x000000076cb80000,0x000000076ed00000,0x000000076ed00000)
  from space 1024K, 80% used [0x000000076f580000,0x000000076f64e630,0x000000076f680000)
  to   space 1536K, 0% used [0x000000076f380000,0x000000076f380000,0x000000076f500000)
 ParOldGen       total 171008K, used 42335K [0x00000006c6200000, 0x00000006d0900000, 0x000000076cb80000)
  object space 171008K, 24% used [0x00000006c6200000,0x00000006c8b57cb0,0x00000006d0900000)
 Metaspace       used 12810K, capacity 13002K, committed 13184K, reserved 1060864K
  class space    used 1508K, capacity 1592K, committed 1664K, reserved 1048576K
Event: 122,465 GC heap after
Heap after GC invocations=315 (full 0):
 PSYoungGen      total 34304K, used 177K [0x000000076cb80000, 0x000000076f600000, 0x00000007c0000000)
  eden space 33792K, 0% used [0x000000076cb80000,0x000000076cb80000,0x000000076ec80000)
  from space 512K, 34% used [0x000000076f380000,0x000000076f3ac6e0,0x000000076f400000)
  to   space 1536K, 0% used [0x000000076f480000,0x000000076f480000,0x000000076f600000)
 ParOldGen       total 171008K, used 42335K [0x00000006c6200000, 0x00000006d0900000, 0x000000076cb80000)
  object space 171008K, 24% used [0x00000006c6200000,0x00000006c8b57cb0,0x00000006d0900000)
 Metaspace       used 12810K, capacity 13002K, committed 13184K, reserved 1060864K
  class space    used 1508K, capacity 1592K, committed 1664K, reserved 1048576K
}
Event: 122,768 GC heap before
{Heap before GC invocations=316 (full 0):
 PSYoungGen      total 34304K, used 33969K [0x000000076cb80000, 0x000000076f600000, 0x00000007c0000000)
  eden space 33792K, 100% used [0x000000076cb80000,0x000000076ec80000,0x000000076ec80000)
  from space 512K, 34% used [0x000000076f380000,0x000000076f3ac6e0,0x000000076f400000)
  to   space 1536K, 0% used [0x000000076f480000,0x000000076f480000,0x000000076f600000)
 ParOldGen       total 171008K, used 42335K [0x00000006c6200000, 0x00000006d0900000, 0x000000076cb80000)
  object space 171008K, 24% used [0x00000006c6200000,0x00000006c8b57cb0,0x00000006d0900000)
 Metaspace       used 12810K, capacity 13002K, committed 13184K, reserved 1060864K
  class space    used 1508K, capacity 1592K, committed 1664K, reserved 1048576K
Event: 122,769 GC heap after
Heap after GC invocations=316 (full 0):
 PSYoungGen      total 33792K, used 270K [0x000000076cb80000, 0x000000076f500000, 0x00000007c0000000)
  eden space 33280K, 0% used [0x000000076cb80000,0x000000076cb80000,0x000000076ec00000)
  from space 512K, 52% used [0x000000076f480000,0x000000076f4c3a40,0x000000076f500000)
  to   space 1536K, 0% used [0x000000076f200000,0x000000076f200000,0x000000076f380000)
 ParOldGen       total 171008K, used 42335K [0x00000006c6200000, 0x00000006d0900000, 0x000000076cb80000)
  object space 171008K, 24% used [0x00000006c6200000,0x00000006c8b57cb0,0x00000006d0900000)
 Metaspace       used 12810K, capacity 13002K, committed 13184K, reserved 1060864K
  class space    used 1508K, capacity 1592K, committed 1664K, reserved 1048576K
}
Event: 123,077 GC heap before
{Heap before GC invocations=317 (full 0):
 PSYoungGen      total 33792K, used 33550K [0x000000076cb80000, 0x000000076f500000, 0x00000007c0000000)
  eden space 33280K, 100% used [0x000000076cb80000,0x000000076ec00000,0x000000076ec00000)
  from space 512K, 52% used [0x000000076f480000,0x000000076f4c3a40,0x000000076f500000)
  to   space 1536K, 0% used [0x000000076f200000,0x000000076f200000,0x000000076f380000)
 ParOldGen       total 171008K, used 42335K [0x00000006c6200000, 0x00000006d0900000, 0x000000076cb80000)
  object space 171008K, 24% used [0x00000006c6200000,0x00000006c8b57cb0,0x00000006d0900000)
 Metaspace       used 12810K, capacity 13002K, committed 13184K, reserved 1060864K
  class space    used 1508K, capacity 1592K, committed 1664K, reserved 1048576K
Event: 123,078 GC heap after
Heap after GC invocations=317 (full 0):
 PSYoungGen      total 34304K, used 122K [0x000000076cb80000, 0x000000076f500000, 0x00000007c0000000)
  eden space 32768K, 0% used [0x000000076cb80000,0x000000076cb80000,0x000000076eb80000)
  from space 1536K, 8% used [0x000000076f200000,0x000000076f21eba8,0x000000076f380000)
  to   space 1536K, 0% used [0x000000076f380000,0x000000076f380000,0x000000076f500000)
 ParOldGen       total 171008K, used 42335K [0x00000006c6200000, 0x00000006d0900000, 0x000000076cb80000)
  object space 171008K, 24% used [0x00000006c6200000,0x00000006c8b57cb0,0x00000006d0900000)
 Metaspace       used 12810K, capacity 13002K, committed 13184K, reserved 1060864K
  class space    used 1508K, capacity 1592K, committed 1664K, reserved 1048576K
}
Event: 123,391 GC heap before
{Heap before GC invocations=318 (full 0):
 PSYoungGen      total 34304K, used 32871K [0x000000076cb80000, 0x000000076f500000, 0x00000007c0000000)
  eden space 32768K, 99% used [0x000000076cb80000,0x000000076eb7b168,0x000000076eb80000)
  from space 1536K, 8% used [0x000000076f200000,0x000000076f21eba8,0x000000076f380000)
  to   space 1536K, 0% used [0x000000076f380000,0x000000076f380000,0x000000076f500000)
 ParOldGen       total 171008K, used 42335K [0x00000006c6200000, 0x00000006d0900000, 0x000000076cb80000)
  object space 171008K, 24% used [0x00000006c6200000,0x00000006c8b57cb0,0x00000006d0900000)
 Metaspace       used 12810K, capacity 13002K, committed 13184K, reserved 1060864K
  class space    used 1508K, capacity 1592K, committed 1664K, reserved 1048576K
Event: 123,393 GC heap after
Heap after GC invocations=318 (full 0):
 PSYoungGen      total 32768K, used 191K [0x000000076cb80000, 0x000000076f400000, 0x00000007c0000000)
  eden space 32256K, 0% used [0x000000076cb80000,0x000000076cb80000,0x000000076eb00000)
  from space 512K, 37% used [0x000000076f380000,0x000000076f3afd20,0x000000076f400000)
  to   space 1024K, 0% used [0x000000076f200000,0x000000076f200000,0x000000076f300000)
 ParOldGen       total 171008K, used 42335K [0x00000006c6200000, 0x00000006d0900000, 0x000000076cb80000)
  object space 171008K, 24% used [0x00000006c6200000,0x00000006c8b57cb0,0x00000006d0900000)
 Metaspace       used 12810K, capacity 13002K, committed 13184K, reserved 1060864K
  class space    used 1508K, capacity 1592K, committed 1664K, reserved 1048576K
}

